\BOOKMARK [1][-]{section.1}{1 初めに}{}% 1
\BOOKMARK [1][-]{section.2}{2 神経生理早わかり}{}% 2
\BOOKMARK [1][-]{section.3}{3 発火率モデル}{}% 3
\BOOKMARK [2][-]{subsection.3.1}{3.1 Feed forward model}{section.3}% 4
\BOOKMARK [2][-]{subsection.3.2}{3.2 RNN}{section.3}% 5
\BOOKMARK [3][-]{subsubsection.3.2.1}{3.2.1 RNN}{subsection.3.2}% 6
\BOOKMARK [3][-]{subsubsection.3.2.2}{3.2.2 Daleの原理を守ったRNN}{subsection.3.2}% 7
\BOOKMARK [3][-]{subsubsection.3.2.3}{3.2.3 LSTMを理解する}{subsection.3.2}% 8
\BOOKMARK [3][-]{subsubsection.3.2.4}{3.2.4 GRUを理解する}{subsection.3.2}% 9
\BOOKMARK [1][-]{section.4}{4 Spiking model}{}% 10
\BOOKMARK [2][-]{subsubsection.4.0.1}{4.0.1 rate modelをSpiking modelに変換する}{section.4}% 11
\BOOKMARK [3][-]{subsubsection.4.0.2}{4.0.2 rate modelのフレームワークでSpiking modelを実装する}{subsubsection.4.0.1}% 12
\BOOKMARK [1][-]{section.5}{5 ANNの解析方法}{}% 13
\BOOKMARK [2][-]{subsubsection.5.0.1}{5.0.1 受容野解析}{section.5}% 14
\BOOKMARK [3][-]{subsubsection.5.0.2}{5.0.2 不活性化解析\(Ablation analysis\)}{subsubsection.5.0.1}% 15
\BOOKMARK [3][-]{subsubsection.5.0.3}{5.0.3 CCA}{subsubsection.5.0.1}% 16
\BOOKMARK [3][-]{subsubsection.5.0.4}{5.0.4 固定点解析}{subsubsection.5.0.1}% 17
\BOOKMARK [1][-]{section.6}{6 脳内の神経表現の再現}{}% 18
\BOOKMARK [2][-]{subsection.6.1}{6.1 視覚経路}{section.6}% 19
\BOOKMARK [2][-]{subsection.6.2}{6.2 グリッド細胞}{section.6}% 20
\BOOKMARK [1][-]{section.7}{7 ニューラルネットワークの学習と発達}{}% 21
\BOOKMARK [1][-]{section.8}{8 あとがき}{}% 22
